{
  "stats": {
    "suites": 47,
    "tests": 95,
    "passes": 92,
    "pending": 2,
    "failures": 1,
    "start": "2022-08-08T19:38:47.822Z",
    "end": "2022-08-08T20:02:50.633Z",
    "duration": 1442811,
    "testsRegistered": 95,
    "passPercent": 98.9247311827957,
    "pendingPercent": 2.1052631578947367,
    "other": 0,
    "hasOther": false,
    "skipped": 0,
    "hasSkipped": false
  },
  "results": [
    {
      "uuid": "68e96a3f-d342-4303-aac1-83ca5c1da6b3",
      "title": "",
      "fullFile": "",
      "file": "",
      "beforeHooks": [],
      "afterHooks": [],
      "tests": [],
      "suites": [
        {
          "uuid": "7901603b-113a-40c4-9b36-54f89051812f",
          "title": "application",
          "fullFile": "G:\\Workspace\\mattermost\\desktop\\dist\\tests\\e2e_bundle.js",
          "file": "\\dist\\tests\\e2e_bundle.js",
          "beforeHooks": [
            {
              "title": "\"before each\" hook in \"application\"",
              "fullTitle": "application \"before each\" hook in \"application\"",
              "timedOut": false,
              "duration": 1068,
              "state": null,
              "speed": null,
              "pass": false,
              "fail": false,
              "pending": false,
              "context": null,
              "code": "env.cleanDataDir();env.createTestUserDataDir();env.cleanTestConfig();fs.writeFileSync(env.configFilePath,JSON.stringify(config));await asyncSleep(1000);",
              "err": {},
              "uuid": "06fbc1aa-6747-41e5-bab5-1d566ee1576f",
              "parentUUID": "7901603b-113a-40c4-9b36-54f89051812f",
              "isHook": true,
              "skipped": false
            }
          ],
          "afterHooks": [
            {
              "title": "\"after each\" hook in \"application\"",
              "fullTitle": "application \"after each\" hook in \"application\"",
              "timedOut": false,
              "duration": 7877,
              "state": null,
              "speed": null,
              "pass": false,
              "fail": false,
              "pending": false,
              "context": null,
              "code": "if(this.app){try{await this.app.close();// eslint-disable-next-line no-empty\n}catch(err){}}await env.clearElectronInstances();",
              "err": {},
              "uuid": "007c7a45-2e30-4040-a05b-3dc231be40c1",
              "parentUUID": "7901603b-113a-40c4-9b36-54f89051812f",
              "isHook": true,
              "skipped": false
            }
          ],
          "tests": [
            {
              "title": "MM-T1304/MM-T1306 should open the app on the requested deep link",
              "fullTitle": "application MM-T1304/MM-T1306 should open the app on the requested deep link",
              "timedOut": false,
              "duration": 3252,
              "state": "passed",
              "speed": "slow",
              "pass": true,
              "fail": false,
              "pending": false,
              "context": null,
              "code": "this.app=await env.getApp(['mattermost://github.com/test/url']);this.serverMap=await env.getServerMap(this.app);const mainWindow=this.app.windows().find(window=>window.url().includes('index'));const browserWindow=await this.app.browserWindow(mainWindow);const webContentsId=this.serverMap[`${config.teams[1].name}___TAB_MESSAGING`].webContentsId;const isActive=await browserWindow.evaluate((window,id)=>{return window.getBrowserViews().find(view=>view.webContents.id===id).webContents.getURL();},webContentsId);isActive.should.equal('https://github.com/test/url');const dropdownButtonText=await mainWindow.innerText('.TeamDropdownButton');dropdownButtonText.should.equal('github');await this.app.close();",
              "err": {},
              "uuid": "5b220e2e-f464-4a6c-8e24-8f0b3e55064e",
              "parentUUID": "7901603b-113a-40c4-9b36-54f89051812f",
              "isHook": false,
              "skipped": false
            }
          ],
          "suites": [],
          "passes": [
            "5b220e2e-f464-4a6c-8e24-8f0b3e55064e"
          ],
          "failures": [],
          "pending": [],
          "skipped": [],
          "duration": 3252,
          "root": false,
          "rootEmpty": false,
          "_timeout": 30000
        },
        {
          "uuid": "bda1ec81-f75f-4027-b7e2-696b3707c0b1",
          "title": "focus",
          "fullFile": "G:\\Workspace\\mattermost\\desktop\\dist\\tests\\e2e_bundle.js",
          "file": "\\dist\\tests\\e2e_bundle.js",
          "beforeHooks": [
            {
              "title": "\"before each\" hook in \"focus\"",
              "fullTitle": "focus \"before each\" hook in \"focus\"",
              "timedOut": false,
              "duration": 4849,
              "state": null,
              "speed": null,
              "pass": false,
              "fail": false,
              "pending": false,
              "context": null,
              "code": "env.cleanDataDir();env.createTestUserDataDir();env.cleanTestConfig();fs.writeFileSync(env.configFilePath,JSON.stringify(config));await asyncSleep(1000);this.app=await env.getApp();this.serverMap=await env.getServerMap(this.app);",
              "err": {},
              "uuid": "f88ef8b2-6a9d-4bce-bc76-684717d51b4e",
              "parentUUID": "bda1ec81-f75f-4027-b7e2-696b3707c0b1",
              "isHook": true,
              "skipped": false
            }
          ],
          "afterHooks": [
            {
              "title": "\"after each\" hook in \"focus\"",
              "fullTitle": "focus \"after each\" hook in \"focus\"",
              "timedOut": false,
              "duration": 8584,
              "state": null,
              "speed": null,
              "pass": false,
              "fail": false,
              "pending": false,
              "context": null,
              "code": "if(this.app){await this.app.close();}await env.clearElectronInstances();",
              "err": {},
              "uuid": "e68e46b5-dcbc-415f-91dd-cc2bea76e50b",
              "parentUUID": "bda1ec81-f75f-4027-b7e2-696b3707c0b1",
              "isHook": true,
              "skipped": false
            }
          ],
          "tests": [],
          "suites": [
            {
              "uuid": "14bf1048-d4f1-4089-9771-8a2bc5040563",
              "title": "Focus textbox tests",
              "fullFile": "G:\\Workspace\\mattermost\\desktop\\dist\\tests\\e2e_bundle.js",
              "file": "\\dist\\tests\\e2e_bundle.js",
              "beforeHooks": [
                {
                  "title": "\"before each\" hook in \"Focus textbox tests\"",
                  "fullTitle": "focus Focus textbox tests \"before each\" hook in \"Focus textbox tests\"",
                  "timedOut": false,
                  "duration": 6093,
                  "state": null,
                  "speed": null,
                  "pass": false,
                  "fail": false,
                  "pending": false,
                  "context": null,
                  "code": "const loadingScreen=this.app.windows().find(window=>window.url().includes('loadingScreen'));await loadingScreen.waitForSelector('.LoadingScreen',{state:'hidden'});firstServer=this.serverMap[`${config.teams[0].name}___TAB_MESSAGING`].win;await env.loginToMattermost(firstServer);const textbox=await firstServer.waitForSelector('#post_textbox');textbox.focus();",
                  "err": {},
                  "uuid": "27831bd2-e3fa-42f2-aac2-5bb13908fd14",
                  "parentUUID": "14bf1048-d4f1-4089-9771-8a2bc5040563",
                  "isHook": true,
                  "skipped": false
                }
              ],
              "afterHooks": [],
              "tests": [
                {
                  "title": "MM-T1315 should return focus to the message box when closing the settings window",
                  "fullTitle": "focus Focus textbox tests MM-T1315 should return focus to the message box when closing the settings window",
                  "timedOut": false,
                  "duration": 3698,
                  "state": "passed",
                  "speed": "slow",
                  "pass": true,
                  "fail": false,
                  "pending": false,
                  "context": null,
                  "code": "this.app.evaluate(({ipcMain},showWindow)=>{ipcMain.emit(showWindow);},SHOW_SETTINGS_WINDOW);const settingsWindow=await this.app.waitForEvent('window',{predicate:window=>window.url().includes('settings')});await settingsWindow.waitForSelector('.settingsPage.container');await settingsWindow.close();const isTextboxFocused=await firstServer.$eval('#post_textbox',el=>el===document.activeElement);isTextboxFocused.should.be.true;// Make sure you can just start typing and it'll go in the post textbox\nawait asyncSleep(500);robot.typeString('Mattermost');await asyncSleep(500);const textboxString=await firstServer.inputValue('#post_textbox');textboxString.should.equal('Mattermost');",
                  "err": {},
                  "uuid": "6fa50aef-8a2c-48ad-8b33-1a41fa2d94bc",
                  "parentUUID": "14bf1048-d4f1-4089-9771-8a2bc5040563",
                  "isHook": false,
                  "skipped": false
                },
                {
                  "title": "MM-T1316 should return focus to the message box when closing the settings window",
                  "fullTitle": "focus Focus textbox tests MM-T1316 should return focus to the message box when closing the settings window",
                  "timedOut": false,
                  "duration": 3936,
                  "state": "passed",
                  "speed": "slow",
                  "pass": true,
                  "fail": false,
                  "pending": false,
                  "context": null,
                  "code": "const mainView=this.app.windows().find(window=>window.url().includes('index'));const dropdownView=this.app.windows().find(window=>window.url().includes('dropdown'));await mainView.click('.TeamDropdownButton');await dropdownView.click('.TeamDropdown .TeamDropdown__button.addServer');const newServerView=await this.app.waitForEvent('window',{predicate:window=>window.url().includes('newServer')});await newServerView.waitForSelector('#cancelNewServerModal');await newServerView.click('#cancelNewServerModal');const isTextboxFocused=await firstServer.$eval('#post_textbox',el=>el===document.activeElement);isTextboxFocused.should.be.true;// Make sure you can just start typing and it'll go in the post textbox\nawait asyncSleep(500);robot.typeString('Mattermost');await asyncSleep(500);const textboxString=await firstServer.inputValue('#post_textbox');textboxString.should.equal('Mattermost');",
                  "err": {},
                  "uuid": "ca2fbf9f-e489-43b4-afe7-9fbc96c3f503",
                  "parentUUID": "14bf1048-d4f1-4089-9771-8a2bc5040563",
                  "isHook": false,
                  "skipped": false
                },
                {
                  "title": "MM-T1317 should return focus to the focused box when switching servers",
                  "fullTitle": "focus Focus textbox tests MM-T1317 should return focus to the focused box when switching servers",
                  "timedOut": false,
                  "duration": 6311,
                  "state": "passed",
                  "speed": "slow",
                  "pass": true,
                  "fail": false,
                  "pending": false,
                  "context": null,
                  "code": "const mainView=this.app.windows().find(window=>window.url().includes('index'));const dropdownView=this.app.windows().find(window=>window.url().includes('dropdown'));await mainView.click('.TeamDropdownButton');await dropdownView.click('.TeamDropdown .TeamDropdown__button:has-text(\"community\")');// eslint-disable-next-line dot-notation\nconst secondServer=this.serverMap['community___TAB_MESSAGING'].win;await secondServer.waitForSelector('#input_loginId');await secondServer.focus('#input_loginId');await mainView.click('.TeamDropdownButton');await dropdownView.click(`.TeamDropdown .TeamDropdown__button:has-text(\"${config.teams[0].name}\")`);const isTextboxFocused=await firstServer.$eval('#post_textbox',el=>el===document.activeElement);isTextboxFocused.should.be.true;// Make sure you can just start typing and it'll go in the post textbox\nawait asyncSleep(500);robot.typeString('Mattermost');await asyncSleep(500);const textboxString=await firstServer.inputValue('#post_textbox');textboxString.should.equal('Mattermost');await mainView.click('.TeamDropdownButton');await dropdownView.click('.TeamDropdown .TeamDropdown__button:has-text(\"community\")');const isLoginFocused=await secondServer.$eval('#input_loginId',el=>el===document.activeElement);isLoginFocused.should.be.true;// Make sure you can just start typing and it'll go in the post textbox\nawait asyncSleep(500);robot.typeString('username');await asyncSleep(500);const loginString=await secondServer.inputValue('#input_loginId');loginString.should.equal('username');",
                  "err": {},
                  "uuid": "91875bbb-6849-4f72-a117-90e13f5c9175",
                  "parentUUID": "14bf1048-d4f1-4089-9771-8a2bc5040563",
                  "isHook": false,
                  "skipped": false
                }
              ],
              "suites": [],
              "passes": [
                "6fa50aef-8a2c-48ad-8b33-1a41fa2d94bc",
                "ca2fbf9f-e489-43b4-afe7-9fbc96c3f503",
                "91875bbb-6849-4f72-a117-90e13f5c9175"
              ],
              "failures": [],
              "pending": [],
              "skipped": [],
              "duration": 13945,
              "root": false,
              "rootEmpty": false,
              "_timeout": 40000
            }
          ],
          "passes": [],
          "failures": [],
          "pending": [],
          "skipped": [],
          "duration": 0,
          "root": false,
          "rootEmpty": false,
          "_timeout": 40000
        },
        {
          "uuid": "614ae3a0-3392-4d7f-bf1f-d97e5057fa2a",
          "title": "dark_mode",
          "fullFile": "G:\\Workspace\\mattermost\\desktop\\dist\\tests\\e2e_bundle.js",
          "file": "\\dist\\tests\\e2e_bundle.js",
          "beforeHooks": [
            {
              "title": "\"before each\" hook",
              "fullTitle": "dark_mode \"before each\" hook",
              "timedOut": false,
              "duration": 0,
              "state": null,
              "speed": null,
              "pass": false,
              "fail": false,
              "pending": false,
              "context": null,
              "code": "env.cleanDataDir();env.createTestUserDataDir();env.cleanTestConfig();fs.writeFileSync(env.configFilePath,JSON.stringify(config));await asyncSleep(1000);this.app=await env.getApp();this.serverMap=await env.getServerMap(this.app);",
              "err": {},
              "uuid": "b4cf5ad2-eab5-4a0d-a0de-52919a083bdc",
              "parentUUID": null,
              "isHook": true,
              "skipped": false
            }
          ],
          "afterHooks": [
            {
              "title": "\"after each\" hook",
              "fullTitle": "dark_mode \"after each\" hook",
              "timedOut": false,
              "duration": 0,
              "state": null,
              "speed": null,
              "pass": false,
              "fail": false,
              "pending": false,
              "context": null,
              "code": "if(this.app){await this.app.close();}await env.clearElectronInstances();",
              "err": {},
              "uuid": "13033ad4-5ff1-4a7b-bf04-f252bd3dd5a9",
              "parentUUID": null,
              "isHook": true,
              "skipped": false
            }
          ],
          "tests": [],
          "suites": [],
          "passes": [],
          "failures": [],
          "pending": [],
          "skipped": [],
          "duration": 0,
          "root": false,
          "rootEmpty": false,
          "_timeout": 30000
        },
        {
          "uuid": "7e0839c6-bc8f-43c0-83ce-b74e746d0265",
          "title": "back_button",
          "fullFile": "G:\\Workspace\\mattermost\\desktop\\dist\\tests\\e2e_bundle.js",
          "file": "\\dist\\tests\\e2e_bundle.js",
          "beforeHooks": [
            {
              "title": "\"before each\" hook in \"back_button\"",
              "fullTitle": "back_button \"before each\" hook in \"back_button\"",
              "timedOut": false,
              "duration": 3659,
              "state": null,
              "speed": null,
              "pass": false,
              "fail": false,
              "pending": false,
              "context": null,
              "code": "env.cleanDataDir();env.createTestUserDataDir();env.cleanTestConfig();fs.writeFileSync(env.configFilePath,JSON.stringify(config));await asyncSleep(1000);this.app=await env.getApp();this.serverMap=await env.getServerMap(this.app);",
              "err": {},
              "uuid": "66b830f7-0aba-4768-9de9-4d4a94831aae",
              "parentUUID": "7e0839c6-bc8f-43c0-83ce-b74e746d0265",
              "isHook": true,
              "skipped": false
            }
          ],
          "afterHooks": [
            {
              "title": "\"after each\" hook in \"back_button\"",
              "fullTitle": "back_button \"after each\" hook in \"back_button\"",
              "timedOut": false,
              "duration": 8147,
              "state": null,
              "speed": null,
              "pass": false,
              "fail": false,
              "pending": false,
              "context": null,
              "code": "if(this.app){await this.app.close();}await env.clearElectronInstances();",
              "err": {},
              "uuid": "955b3022-6686-4141-ac08-a619ad4a860c",
              "parentUUID": "7e0839c6-bc8f-43c0-83ce-b74e746d0265",
              "isHook": true,
              "skipped": false
            }
          ],
          "tests": [
            {
              "title": "MM-T2633 Back button should behave as expected",
              "fullTitle": "back_button MM-T2633 Back button should behave as expected",
              "timedOut": false,
              "duration": 8379,
              "state": "passed",
              "speed": "slow",
              "pass": true,
              "fail": false,
              "pending": false,
              "context": null,
              "code": "const mainWindow=this.app.windows().find(window=>window.url().includes('index'));const loadingScreen=this.app.windows().find(window=>window.url().includes('loadingScreen'));await loadingScreen.waitForSelector('.LoadingScreen',{state:'hidden'});const firstServer=this.serverMap[`${config.teams[0].name}___TAB_MESSAGING`].win;await firstServer.click('a:has-text(\"OneLogin\")');let backButton=await mainWindow.waitForSelector('button:has-text(\"Back\")');backButton.should.not.be.null;let poweredByOneLogin=await firstServer.waitForSelector('a:has-text(\"Powered by OneLogin\")');poweredByOneLogin.should.not.be.null;await backButton.click();let loginPrompt=await firstServer.waitForSelector('#input_loginId');loginPrompt.should.not.be.null;await mainWindow.waitForSelector('button:has-text(\"Back\")',{state:'hidden'});let isNewWindow=false;this.app.on('window',()=>{isNewWindow=true;});const oneLoginUrl=firstServer.url();await firstServer.click('a:has-text(\"OneLogin\")');poweredByOneLogin=await firstServer.waitForSelector('a:has-text(\"Powered by OneLogin\")');poweredByOneLogin.click();backButton=await mainWindow.waitForSelector('button:has-text(\"Back\")');backButton.should.not.be.null;const frameUrl=firstServer.url();frameUrl.should.not.equal(oneLoginUrl);isNewWindow.should.be.false;await backButton.click();await backButton.click();loginPrompt=await firstServer.waitForSelector('#input_loginId');loginPrompt.should.not.be.null;",
              "err": {},
              "uuid": "2dcc396f-86da-4582-8747-c7b246afd303",
              "parentUUID": "7e0839c6-bc8f-43c0-83ce-b74e746d0265",
              "isHook": false,
              "skipped": false
            }
          ],
          "suites": [],
          "passes": [
            "2dcc396f-86da-4582-8747-c7b246afd303"
          ],
          "failures": [],
          "pending": [],
          "skipped": [],
          "duration": 8379,
          "root": false,
          "rootEmpty": false,
          "_timeout": 30000
        },
        {
          "uuid": "47799921-efd2-4464-910c-e64511bc5f35",
          "title": "copylink",
          "fullFile": "G:\\Workspace\\mattermost\\desktop\\dist\\tests\\e2e_bundle.js",
          "file": "\\dist\\tests\\e2e_bundle.js",
          "beforeHooks": [
            {
              "title": "\"before each\" hook in \"copylink\"",
              "fullTitle": "copylink \"before each\" hook in \"copylink\"",
              "timedOut": false,
              "duration": 4476,
              "state": null,
              "speed": null,
              "pass": false,
              "fail": false,
              "pending": false,
              "context": null,
              "code": "env.cleanDataDir();env.createTestUserDataDir();env.cleanTestConfig();fs.writeFileSync(env.configFilePath,JSON.stringify(config));await asyncSleep(1000);this.app=await env.getApp();this.serverMap=await env.getServerMap(this.app);",
              "err": {},
              "uuid": "3874756b-e172-491c-ba86-d83d4c1277d3",
              "parentUUID": "47799921-efd2-4464-910c-e64511bc5f35",
              "isHook": true,
              "skipped": false
            }
          ],
          "afterHooks": [
            {
              "title": "\"after each\" hook in \"copylink\"",
              "fullTitle": "copylink \"after each\" hook in \"copylink\"",
              "timedOut": false,
              "duration": 8465,
              "state": null,
              "speed": null,
              "pass": false,
              "fail": false,
              "pending": false,
              "context": null,
              "code": "if(this.app){await this.app.close();}await env.clearElectronInstances();",
              "err": {},
              "uuid": "edcee853-64cc-4716-ac97-616c4f26ebdc",
              "parentUUID": "47799921-efd2-4464-910c-e64511bc5f35",
              "isHook": true,
              "skipped": false
            }
          ],
          "tests": [
            {
              "title": "MM-T125 Copy Link can be used from channel LHS",
              "fullTitle": "copylink MM-T125 Copy Link can be used from channel LHS",
              "timedOut": false,
              "duration": 7419,
              "state": "passed",
              "speed": "slow",
              "pass": true,
              "fail": false,
              "pending": false,
              "context": null,
              "code": "const loadingScreen=this.app.windows().find(window=>window.url().includes('loadingScreen'));await loadingScreen.waitForSelector('.LoadingScreen',{state:'hidden'});const firstServer=this.serverMap[`${config.teams[0].name}___TAB_MESSAGING`].win;await env.loginToMattermost(firstServer);await firstServer.waitForSelector('#sidebarItem_suscipit-4');await firstServer.click('#sidebarItem_suscipit-4');await firstServer.click('#sidebarItem_suscipit-4',{button:'right'});await firstServer.click('text=Copy Linksint >> span');await firstServer.click('#sidebarItem_town-square');await firstServer.click('#post_textbox');const clipboardText=clipboard.readText();await firstServer.fill('#post_textbox',clipboardText);const content=await firstServer.locator('#post_textbox').textContent();content.should.contain('/ad-1/channels/suscipit-4');",
              "err": {},
              "uuid": "ce5542e1-21cf-419c-972b-dd034140b369",
              "parentUUID": "47799921-efd2-4464-910c-e64511bc5f35",
              "isHook": false,
              "skipped": false
            }
          ],
          "suites": [],
          "passes": [
            "ce5542e1-21cf-419c-972b-dd034140b369"
          ],
          "failures": [],
          "pending": [],
          "skipped": [],
          "duration": 7419,
          "root": false,
          "rootEmpty": false,
          "_timeout": 40000
        },
        {
          "uuid": "9d79969d-adfb-4383-8ca0-3e0e23b90009",
          "title": "menu_bar/dropdown",
          "fullFile": "G:\\Workspace\\mattermost\\desktop\\dist\\tests\\e2e_bundle.js",
          "file": "\\dist\\tests\\e2e_bundle.js",
          "beforeHooks": [
            {
              "title": "\"before each\" hook in \"menu_bar/dropdown\"",
              "fullTitle": "menu_bar/dropdown \"before each\" hook in \"menu_bar/dropdown\"",
              "timedOut": false,
              "duration": 3612,
              "state": null,
              "speed": null,
              "pass": false,
              "fail": false,
              "pending": false,
              "context": null,
              "code": "env.createTestUserDataDir();env.cleanTestConfig();fs.writeFileSync(env.configFilePath,JSON.stringify(config));await asyncSleep(1000);this.app=await env.getApp();",
              "err": {},
              "uuid": "515790a5-7a2e-46bb-90fe-a057ec74a1f2",
              "parentUUID": "9d79969d-adfb-4383-8ca0-3e0e23b90009",
              "isHook": true,
              "skipped": false
            }
          ],
          "afterHooks": [
            {
              "title": "\"after each\" hook in \"menu_bar/dropdown\"",
              "fullTitle": "menu_bar/dropdown \"after each\" hook in \"menu_bar/dropdown\"",
              "timedOut": false,
              "duration": 7583,
              "state": null,
              "speed": null,
              "pass": false,
              "fail": false,
              "pending": false,
              "context": null,
              "code": "if(this.app){await this.app.close();}await env.clearElectronInstances();",
              "err": {},
              "uuid": "8eca94d7-bb10-4bc4-ae9d-8e5b710902ee",
              "parentUUID": "9d79969d-adfb-4383-8ca0-3e0e23b90009",
              "isHook": true,
              "skipped": false
            }
          ],
          "tests": [
            {
              "title": "MM-T4405 should set name of menu item from config file",
              "fullTitle": "menu_bar/dropdown MM-T4405 should set name of menu item from config file",
              "timedOut": false,
              "duration": 96,
              "state": "passed",
              "speed": "slow",
              "pass": true,
              "fail": false,
              "pending": false,
              "context": null,
              "code": "const mainWindow=this.app.windows().find(window=>window.url().includes('index'));const dropdownView=this.app.windows().find(window=>window.url().includes('dropdown'));await mainWindow.click('.TeamDropdownButton');const firstMenuItem=await dropdownView.innerText('.TeamDropdown button.TeamDropdown__button:nth-child(1) span');const secondMenuItem=await dropdownView.innerText('.TeamDropdown button.TeamDropdown__button:nth-child(2) span');firstMenuItem.should.equal(config.teams[0].name);secondMenuItem.should.equal(config.teams[1].name);",
              "err": {},
              "uuid": "aef65c41-8960-4ad9-85f7-e96e9977805c",
              "parentUUID": "9d79969d-adfb-4383-8ca0-3e0e23b90009",
              "isHook": false,
              "skipped": false
            },
            {
              "title": "MM-T4406 should only show dropdown when button is clicked",
              "fullTitle": "menu_bar/dropdown MM-T4406 should only show dropdown when button is clicked",
              "timedOut": false,
              "duration": 169,
              "state": "passed",
              "speed": "slow",
              "pass": true,
              "fail": false,
              "pending": false,
              "context": null,
              "code": "const mainWindow=this.app.windows().find(window=>window.url().includes('index'));const browserWindow=await this.app.browserWindow(mainWindow);let dropdownHeight=await browserWindow.evaluate(window=>window.getBrowserViews().find(view=>view.webContents.getURL().includes('dropdown')).getBounds().height);dropdownHeight.should.equal(0);await mainWindow.click('.TeamDropdownButton');dropdownHeight=await browserWindow.evaluate(window=>window.getBrowserViews().find(view=>view.webContents.getURL().includes('dropdown')).getBounds().height);dropdownHeight.should.be.greaterThan(0);await mainWindow.click('.TabBar');dropdownHeight=await browserWindow.evaluate(window=>window.getBrowserViews().find(view=>view.webContents.getURL().includes('dropdown')).getBounds().height);dropdownHeight.should.equal(0);",
              "err": {},
              "uuid": "c0e4d217-910c-4ec2-838b-72f2f8428636",
              "parentUUID": "9d79969d-adfb-4383-8ca0-3e0e23b90009",
              "isHook": false,
              "skipped": false
            },
            {
              "title": "MM-T4407 should open the new server prompt after clicking the add button",
              "fullTitle": "menu_bar/dropdown MM-T4407 should open the new server prompt after clicking the add button",
              "timedOut": false,
              "duration": 383,
              "state": "passed",
              "speed": "slow",
              "pass": true,
              "fail": false,
              "pending": false,
              "context": null,
              "code": "const mainWindow=this.app.windows().find(window=>window.url().includes('index'));const dropdownView=this.app.windows().find(window=>window.url().includes('dropdown'));await mainWindow.click('.TeamDropdownButton');await dropdownView.click('.TeamDropdown__button.addServer');const newServerModal=await this.app.waitForEvent('window',{predicate:window=>window.url().includes('newServer')});const modalTitle=await newServerModal.innerText('#newServerModal .modal-title');modalTitle.should.equal('Add Server');",
              "err": {},
              "uuid": "49eee1fb-11f9-4ca1-b880-f0eb5a617a62",
              "parentUUID": "9d79969d-adfb-4383-8ca0-3e0e23b90009",
              "isHook": false,
              "skipped": false
            },
            {
              "title": "MM-T4408 should show only the selected team",
              "fullTitle": "menu_bar/dropdown MM-T4408 should show only the selected team",
              "timedOut": false,
              "duration": 195,
              "state": "passed",
              "speed": "slow",
              "pass": true,
              "fail": false,
              "pending": false,
              "context": null,
              "code": "const mainWindow=this.app.windows().find(window=>window.url().includes('index'));const browserWindow=await this.app.browserWindow(mainWindow);let firstViewIsAttached=await browserWindow.evaluate((window,url)=>Boolean(window.getBrowserViews().find(view=>view.webContents.getURL()===url)),env.exampleURL);firstViewIsAttached.should.be.true;let secondViewIsAttached=await browserWindow.evaluate(window=>Boolean(window.getBrowserViews().find(view=>view.webContents.getURL()==='https://github.com/')));secondViewIsAttached.should.be.false;const dropdownView=this.app.windows().find(window=>window.url().includes('dropdown'));await mainWindow.click('.TeamDropdownButton');await dropdownView.click('.TeamDropdown button.TeamDropdown__button:nth-child(2)');firstViewIsAttached=await browserWindow.evaluate((window,url)=>Boolean(window.getBrowserViews().find(view=>view.webContents.getURL()===url)),env.exampleURL);firstViewIsAttached.should.be.false;secondViewIsAttached=await browserWindow.evaluate(window=>Boolean(window.getBrowserViews().find(view=>view.webContents.getURL()==='https://github.com/')));secondViewIsAttached.should.be.true;",
              "err": {},
              "uuid": "c2a0e7fc-9115-444b-86d6-bf618fdab9fe",
              "parentUUID": "9d79969d-adfb-4383-8ca0-3e0e23b90009",
              "isHook": false,
              "skipped": false
            }
          ],
          "suites": [],
          "passes": [
            "aef65c41-8960-4ad9-85f7-e96e9977805c",
            "c0e4d217-910c-4ec2-838b-72f2f8428636",
            "49eee1fb-11f9-4ca1-b880-f0eb5a617a62",
            "c2a0e7fc-9115-444b-86d6-bf618fdab9fe"
          ],
          "failures": [],
          "pending": [],
          "skipped": [],
          "duration": 843,
          "root": false,
          "rootEmpty": false,
          "_timeout": 30000
        },
        {
          "uuid": "c1207e65-677c-40fd-add1-dd6979e1317e",
          "title": "edit_menu",
          "fullFile": "G:\\Workspace\\mattermost\\desktop\\dist\\tests\\e2e_bundle.js",
          "file": "\\dist\\tests\\e2e_bundle.js",
          "beforeHooks": [
            {
              "title": "\"before each\" hook in \"edit_menu\"",
              "fullTitle": "edit_menu \"before each\" hook in \"edit_menu\"",
              "timedOut": false,
              "duration": 4572,
              "state": null,
              "speed": null,
              "pass": false,
              "fail": false,
              "pending": false,
              "context": null,
              "code": "env.cleanDataDir();env.createTestUserDataDir();env.cleanTestConfig();fs.writeFileSync(env.configFilePath,JSON.stringify(config));await asyncSleep(1000);this.app=await env.getApp();this.serverMap=await env.getServerMap(this.app);",
              "err": {},
              "uuid": "e9996a08-c00b-41a1-8738-359c8919fa12",
              "parentUUID": "c1207e65-677c-40fd-add1-dd6979e1317e",
              "isHook": true,
              "skipped": false
            }
          ],
          "afterHooks": [
            {
              "title": "\"after each\" hook in \"edit_menu\"",
              "fullTitle": "edit_menu \"after each\" hook in \"edit_menu\"",
              "timedOut": false,
              "duration": 8368,
              "state": null,
              "speed": null,
              "pass": false,
              "fail": false,
              "pending": false,
              "context": null,
              "code": "if(this.app){await this.app.close();}await env.clearElectronInstances();",
              "err": {},
              "uuid": "4e51f8a9-9fa0-4aea-9a28-d803a2cbd10c",
              "parentUUID": "c1207e65-677c-40fd-add1-dd6979e1317e",
              "isHook": true,
              "skipped": false
            }
          ],
          "tests": [
            {
              "title": "MM-T807 Undo in the Menu Bar",
              "fullTitle": "edit_menu MM-T807 Undo in the Menu Bar",
              "timedOut": false,
              "duration": 7925,
              "state": "passed",
              "speed": "slow",
              "pass": true,
              "fail": false,
              "pending": false,
              "context": null,
              "code": "const loadingScreen=this.app.windows().find(window=>window.url().includes('loadingScreen'));await loadingScreen.waitForSelector('.LoadingScreen',{state:'hidden'});const firstServer=this.serverMap[`${config.teams[0].name}___TAB_MESSAGING`].win;await env.loginToMattermost(firstServer);await firstServer.waitForSelector('#sidebarItem_suscipit-4');// click on sint channel\nawait firstServer.click('#sidebarItem_suscipit-4');await firstServer.click('#post_textbox');await firstServer.type('#post_textbox','Mattermost');await firstServer.click('#post_textbox');robot.keyTap('z',[env.cmdOrCtrl]);await asyncSleep(500);const content=await firstServer.inputValue('#post_textbox');content.should.be.equal('Mattermos');",
              "err": {},
              "uuid": "c5a8390f-c1c2-4f25-85fa-459f55ae5892",
              "parentUUID": "c1207e65-677c-40fd-add1-dd6979e1317e",
              "isHook": false,
              "skipped": false
            },
            {
              "title": "MM-T808 Redo in the Menu Bar",
              "fullTitle": "edit_menu MM-T808 Redo in the Menu Bar",
              "timedOut": false,
              "duration": 9118,
              "state": "passed",
              "speed": "slow",
              "pass": true,
              "fail": false,
              "pending": false,
              "context": null,
              "code": "const loadingScreen=this.app.windows().find(window=>window.url().includes('loadingScreen'));await loadingScreen.waitForSelector('.LoadingScreen',{state:'hidden'});const firstServer=this.serverMap[`${config.teams[0].name}___TAB_MESSAGING`].win;await env.loginToMattermost(firstServer);await firstServer.waitForSelector('#sidebarItem_suscipit-4');// click on sint channel\nawait firstServer.click('#sidebarItem_suscipit-4');await firstServer.click('#post_textbox');await firstServer.type('#post_textbox','Mattermost');await firstServer.click('#post_textbox');robot.keyTap('z',[env.cmdOrCtrl]);await asyncSleep(500);const textAfterUndo=await firstServer.inputValue('#post_textbox');textAfterUndo.should.be.equal('Mattermos');await firstServer.click('#post_textbox');robot.keyTap('z',['shift',env.cmdOrCtrl]);await asyncSleep(500);const content=await firstServer.inputValue('#post_textbox');content.should.be.equal('Mattermost');",
              "err": {},
              "uuid": "eb79fad9-105e-4c93-99dc-f3d78f3af316",
              "parentUUID": "c1207e65-677c-40fd-add1-dd6979e1317e",
              "isHook": false,
              "skipped": false
            },
            {
              "title": "MM-T809 Cut in the Menu Bar",
              "fullTitle": "edit_menu MM-T809 Cut in the Menu Bar",
              "timedOut": false,
              "duration": 8734,
              "state": "passed",
              "speed": "slow",
              "pass": true,
              "fail": false,
              "pending": false,
              "context": null,
              "code": "const loadingScreen=this.app.windows().find(window=>window.url().includes('loadingScreen'));await loadingScreen.waitForSelector('.LoadingScreen',{state:'hidden'});const firstServer=this.serverMap[`${config.teams[0].name}___TAB_MESSAGING`].win;await env.loginToMattermost(firstServer);await firstServer.waitForSelector('#sidebarItem_suscipit-4');// click on sint channel\nawait firstServer.click('#sidebarItem_suscipit-4');await firstServer.click('#post_textbox');await firstServer.type('#post_textbox','Mattermost');robot.keyTap('a',[env.cmdOrCtrl]);await asyncSleep(500);robot.keyTap('x',[env.cmdOrCtrl]);await asyncSleep(500);const content=await firstServer.inputValue('#post_textbox');content.should.be.equal('');",
              "err": {},
              "uuid": "5f8f11cc-c978-4e6a-bd3f-d27fb20e0be3",
              "parentUUID": "c1207e65-677c-40fd-add1-dd6979e1317e",
              "isHook": false,
              "skipped": false
            },
            {
              "title": "MM-T810 Copy in the Menu Bar",
              "fullTitle": "edit_menu MM-T810 Copy in the Menu Bar",
              "timedOut": false,
              "duration": 9611,
              "state": "passed",
              "speed": "slow",
              "pass": true,
              "fail": false,
              "pending": false,
              "context": null,
              "code": "const loadingScreen=this.app.windows().find(window=>window.url().includes('loadingScreen'));await loadingScreen.waitForSelector('.LoadingScreen',{state:'hidden'});const firstServer=this.serverMap[`${config.teams[0].name}___TAB_MESSAGING`].win;await env.loginToMattermost(firstServer);await firstServer.waitForSelector('#sidebarItem_suscipit-4');// click on sint channel\nawait firstServer.click('#sidebarItem_suscipit-4');await firstServer.click('#post_textbox');await firstServer.type('#post_textbox','Mattermost');robot.keyTap('a',[env.cmdOrCtrl]);await asyncSleep(500);robot.keyTap('c',[env.cmdOrCtrl]);await asyncSleep(500);await firstServer.click('#post_textbox');robot.keyTap('v',[env.cmdOrCtrl]);await asyncSleep(500);const content=await firstServer.inputValue('#post_textbox');content.should.be.equal('MattermostMattermost');",
              "err": {},
              "uuid": "ff995ec1-17eb-4e8b-8e1e-608e06a6a4db",
              "parentUUID": "c1207e65-677c-40fd-add1-dd6979e1317e",
              "isHook": false,
              "skipped": false
            },
            {
              "title": "MM-T811 Paste in the Menu Bar",
              "fullTitle": "edit_menu MM-T811 Paste in the Menu Bar",
              "timedOut": false,
              "duration": 10213,
              "state": "passed",
              "speed": "slow",
              "pass": true,
              "fail": false,
              "pending": false,
              "context": null,
              "code": "const loadingScreen=this.app.windows().find(window=>window.url().includes('loadingScreen'));await loadingScreen.waitForSelector('.LoadingScreen',{state:'hidden'});const firstServer=this.serverMap[`${config.teams[0].name}___TAB_MESSAGING`].win;await env.loginToMattermost(firstServer);await firstServer.waitForSelector('#sidebarItem_suscipit-4');// click on sint channel\nawait firstServer.click('#sidebarItem_suscipit-4');await firstServer.click('#post_textbox');await firstServer.type('#post_textbox','Mattermost');robot.keyTap('a',[env.cmdOrCtrl]);await asyncSleep(500);robot.keyTap('c',[env.cmdOrCtrl]);await asyncSleep(500);robot.keyTap('a',[env.cmdOrCtrl]);await asyncSleep(500);robot.keyTap('v',[env.cmdOrCtrl]);await asyncSleep(500);const content=await firstServer.inputValue('#post_textbox');content.should.be.equal('Mattermost');",
              "err": {},
              "uuid": "ac068715-a6af-4a63-b645-a85f65c12c57",
              "parentUUID": "c1207e65-677c-40fd-add1-dd6979e1317e",
              "isHook": false,
              "skipped": false
            },
            {
              "title": "MM-T812 Select All in the Menu Bar",
              "fullTitle": "edit_menu MM-T812 Select All in the Menu Bar",
              "timedOut": false,
              "duration": 8010,
              "state": "passed",
              "speed": "slow",
              "pass": true,
              "fail": false,
              "pending": false,
              "context": null,
              "code": "const loadingScreen=this.app.windows().find(window=>window.url().includes('loadingScreen'));await loadingScreen.waitForSelector('.LoadingScreen',{state:'hidden'});const firstServer=this.serverMap[`${config.teams[0].name}___TAB_MESSAGING`].win;await env.loginToMattermost(firstServer);await firstServer.waitForSelector('#sidebarItem_suscipit-4');// click on sint channel\nawait firstServer.click('#sidebarItem_suscipit-4');await firstServer.click('#post_textbox');await firstServer.fill('#post_textbox','Mattermost');robot.keyTap('a',[env.cmdOrCtrl]);await asyncSleep(500);const channelHeaderText=await firstServer.evaluate('window.getSelection().toString()');channelHeaderText.should.equal('Mattermost');",
              "err": {},
              "uuid": "4eec8515-7242-4786-973d-d493cd0ab455",
              "parentUUID": "c1207e65-677c-40fd-add1-dd6979e1317e",
              "isHook": false,
              "skipped": false
            }
          ],
          "suites": [],
          "passes": [
            "c5a8390f-c1c2-4f25-85fa-459f55ae5892",
            "eb79fad9-105e-4c93-99dc-f3d78f3af316",
            "5f8f11cc-c978-4e6a-bd3f-d27fb20e0be3",
            "ff995ec1-17eb-4e8b-8e1e-608e06a6a4db",
            "ac068715-a6af-4a63-b645-a85f65c12c57",
            "4eec8515-7242-4786-973d-d493cd0ab455"
          ],
          "failures": [],
          "pending": [],
          "skipped": [],
          "duration": 53611,
          "root": false,
          "rootEmpty": false,
          "_timeout": 40000
        },
        {
          "uuid": "bbc64378-af8a-4a03-9cf9-f4561bf846c1",
          "title": "file_menu/dropdown",
          "fullFile": "G:\\Workspace\\mattermost\\desktop\\dist\\tests\\e2e_bundle.js",
          "file": "\\dist\\tests\\e2e_bundle.js",
          "beforeHooks": [
            {
              "title": "\"before each\" hook in \"file_menu/dropdown\"",
              "fullTitle": "file_menu/dropdown \"before each\" hook in \"file_menu/dropdown\"",
              "timedOut": false,
              "duration": 3676,
              "state": null,
              "speed": null,
              "pass": false,
              "fail": false,
              "pending": false,
              "context": null,
              "code": "env.createTestUserDataDir();env.cleanTestConfig();fs.writeFileSync(env.configFilePath,JSON.stringify(config));await asyncSleep(1000);this.app=await env.getApp();skipAfterEach=false;",
              "err": {},
              "uuid": "7cde3234-7657-46d5-b91e-73b2c6041ead",
              "parentUUID": "bbc64378-af8a-4a03-9cf9-f4561bf846c1",
              "isHook": true,
              "skipped": false
            }
          ],
          "afterHooks": [
            {
              "title": "\"after each\" hook in \"file_menu/dropdown\"",
              "fullTitle": "file_menu/dropdown \"after each\" hook in \"file_menu/dropdown\"",
              "timedOut": false,
              "duration": 7832,
              "state": null,
              "speed": null,
              "pass": false,
              "fail": false,
              "pending": false,
              "context": null,
              "code": "if(this.app&&skipAfterEach===false){await this.app.close();}await env.clearElectronInstances();",
              "err": {},
              "uuid": "1c424552-6a36-41f4-99a1-fb7fa4055f74",
              "parentUUID": "bbc64378-af8a-4a03-9cf9-f4561bf846c1",
              "isHook": true,
              "skipped": false
            }
          ],
          "tests": [
            {
              "title": "MM-T1313 Open Settings modal using keyboard shortcuts",
              "fullTitle": "file_menu/dropdown MM-T1313 Open Settings modal using keyboard shortcuts",
              "timedOut": false,
              "duration": 363,
              "state": "passed",
              "speed": "slow",
              "pass": true,
              "fail": false,
              "pending": false,
              "context": null,
              "code": "const mainWindow=this.app.windows().find(window=>window.url().includes('index'));mainWindow.should.not.be.null;robot.keyTap(',',[env.cmdOrCtrl]);const settingsWindow=await this.app.waitForEvent('window',{predicate:window=>window.url().includes('settings')});settingsWindow.should.not.be.null;",
              "err": {},
              "uuid": "0fb2182b-c7cc-44fc-b12b-a9e83f3a8833",
              "parentUUID": "bbc64378-af8a-4a03-9cf9-f4561bf846c1",
              "isHook": false,
              "skipped": false
            },
            {
              "title": "MM-T805 Sign in to Another Server Window opens using menu item",
              "fullTitle": "file_menu/dropdown MM-T805 Sign in to Another Server Window opens using menu item",
              "timedOut": false,
              "duration": 922,
              "state": "passed",
              "speed": "slow",
              "pass": true,
              "fail": false,
              "pending": false,
              "context": null,
              "code": "const mainWindow=this.app.windows().find(window=>window.url().includes('index'));mainWindow.should.not.be.null;await mainWindow.click('button.three-dot-menu');robot.keyTap('f');robot.keyTap('s');robot.keyTap('s');robot.keyTap('enter');const signInToAnotherServerWindow=await this.app.waitForEvent('window',{predicate:window=>window.url().includes('newServer')});signInToAnotherServerWindow.should.not.be.null;",
              "err": {},
              "uuid": "bef59b32-9cee-43d6-ab11-af33bdd8a771",
              "parentUUID": "bbc64378-af8a-4a03-9cf9-f4561bf846c1",
              "isHook": false,
              "skipped": false
            },
            {
              "title": "MM-T804 Preferences in Menu Bar open the Settings page",
              "fullTitle": "file_menu/dropdown MM-T804 Preferences in Menu Bar open the Settings page",
              "timedOut": false,
              "duration": 1608,
              "state": "passed",
              "speed": "slow",
              "pass": true,
              "fail": false,
              "pending": false,
              "context": null,
              "code": "const mainWindow=this.app.windows().find(window=>window.url().includes('index'));mainWindow.should.not.be.null;robot.keyTap(',',[env.cmdOrCtrl]);const settingsWindow=await this.app.waitForEvent('window',{predicate:window=>window.url().includes('settings')});settingsWindow.should.not.be.null;if(process.platform!=='darwin'){robot.keyTap('w',[env.cmdOrCtrl]);//Opening the menu bar\nrobot.keyTap('alt');robot.keyTap('enter');robot.keyTap('f');robot.keyTap('s');robot.keyTap('enter');const settingsWindowFromMenu=await this.app.waitForEvent('window',{predicate:window=>window.url().includes('settings')});settingsWindowFromMenu.should.not.be.null;}",
              "err": {},
              "uuid": "b75e601d-8375-45ce-b8b9-241fdabd652e",
              "parentUUID": "bbc64378-af8a-4a03-9cf9-f4561bf846c1",
              "isHook": false,
              "skipped": false
            }
          ],
          "suites": [],
          "passes": [
            "0fb2182b-c7cc-44fc-b12b-a9e83f3a8833",
            "bef59b32-9cee-43d6-ab11-af33bdd8a771",
            "b75e601d-8375-45ce-b8b9-241fdabd652e"
          ],
          "failures": [],
          "pending": [],
          "skipped": [],
          "duration": 2893,
          "root": false,
          "rootEmpty": false,
          "_timeout": 30000
        },
        {
          "uuid": "e7a151fc-e094-4136-9540-347b3bce887e",
          "title": "history_menu",
          "fullFile": "G:\\Workspace\\mattermost\\desktop\\dist\\tests\\e2e_bundle.js",
          "file": "\\dist\\tests\\e2e_bundle.js",
          "beforeHooks": [
            {
              "title": "\"before each\" hook in \"history_menu\"",
              "fullTitle": "history_menu \"before each\" hook in \"history_menu\"",
              "timedOut": false,
              "duration": 4458,
              "state": null,
              "speed": null,
              "pass": false,
              "fail": false,
              "pending": false,
              "context": null,
              "code": "env.cleanDataDir();env.createTestUserDataDir();env.cleanTestConfig();fs.writeFileSync(env.configFilePath,JSON.stringify(config));await asyncSleep(1000);this.app=await env.getApp();this.serverMap=await env.getServerMap(this.app);",
              "err": {},
              "uuid": "68e4c4d1-1f3e-4ac0-9600-7b0f62c7ed25",
              "parentUUID": "e7a151fc-e094-4136-9540-347b3bce887e",
              "isHook": true,
              "skipped": false
            }
          ],
          "afterHooks": [
            {
              "title": "\"after each\" hook in \"history_menu\"",
              "fullTitle": "history_menu \"after each\" hook in \"history_menu\"",
              "timedOut": false,
              "duration": 8104,
              "state": null,
              "speed": null,
              "pass": false,
              "fail": false,
              "pending": false,
              "context": null,
              "code": "if(this.app){await this.app.close();}await env.clearElectronInstances();",
              "err": {},
              "uuid": "ff077d84-ca64-4257-8c71-dc46af990463",
              "parentUUID": "e7a151fc-e094-4136-9540-347b3bce887e",
              "isHook": true,
              "skipped": false
            }
          ],
          "tests": [
            {
              "title": "Click back and forward from history",
              "fullTitle": "history_menu Click back and forward from history",
              "timedOut": false,
              "duration": 8141,
              "state": "passed",
              "speed": "slow",
              "pass": true,
              "fail": false,
              "pending": false,
              "context": null,
              "code": "const loadingScreen=this.app.windows().find(window=>window.url().includes('loadingScreen'));await loadingScreen.waitForSelector('.LoadingScreen',{state:'hidden'});const firstServer=this.serverMap[`${config.teams[0].name}___TAB_MESSAGING`].win;await env.loginToMattermost(firstServer);await firstServer.waitForSelector('#sidebarItem_suscipit-4');// click on sint channel\nawait firstServer.click('#sidebarItem_suscipit-4');// click on town square channel\nawait firstServer.click('#sidebarItem_town-square');await firstServer.locator('[aria-label=\"Back\"]').click();let channelHeaderText=await firstServer.$eval('#channelHeaderTitle',el=>el.firstChild.innerHTML);channelHeaderText.should.equal('sint');await firstServer.locator('[aria-label=\"Forward\"]').click();channelHeaderText=await firstServer.$eval('#channelHeaderTitle',el=>el.firstChild.innerHTML);channelHeaderText.should.equal('Town Square');",
              "err": {},
              "uuid": "7a2b1c19-3915-4311-9cab-feba87321b75",
              "parentUUID": "e7a151fc-e094-4136-9540-347b3bce887e",
              "isHook": false,
              "skipped": false
            }
          ],
          "suites": [],
          "passes": [
            "7a2b1c19-3915-4311-9cab-feba87321b75"
          ],
          "failures": [],
          "pending": [],
          "skipped": [],
          "duration": 8141,
          "root": false,
          "rootEmpty": false,
          "_timeout": 30000
        },
        {
          "uuid": "65b0a45c-8a17-4d8e-9849-9f49cd88b6be",
          "title": "menu/menu",
          "fullFile": "G:\\Workspace\\mattermost\\desktop\\dist\\tests\\e2e_bundle.js",
          "file": "\\dist\\tests\\e2e_bundle.js",
          "beforeHooks": [
            {
              "title": "\"before each\" hook in \"menu/menu\"",
              "fullTitle": "menu/menu \"before each\" hook in \"menu/menu\"",
              "timedOut": false,
              "duration": 3833,
              "state": null,
              "speed": null,
              "pass": false,
              "fail": false,
              "pending": false,
              "context": null,
              "code": "env.cleanDataDir();env.createTestUserDataDir();env.cleanTestConfig();fs.writeFileSync(env.configFilePath,JSON.stringify(config));await asyncSleep(1000);this.app=await env.getApp();",
              "err": {},
              "uuid": "0d3a8209-ddad-4d46-b243-6eec216605e1",
              "parentUUID": "65b0a45c-8a17-4d8e-9849-9f49cd88b6be",
              "isHook": true,
              "skipped": false
            }
          ],
          "afterHooks": [
            {
              "title": "\"after each\" hook in \"menu/menu\"",
              "fullTitle": "menu/menu \"after each\" hook in \"menu/menu\"",
              "timedOut": false,
              "duration": 8453,
              "state": null,
              "speed": null,
              "pass": false,
              "fail": false,
              "pending": false,
              "context": null,
              "code": "if(this.app){await this.app.close();}await env.clearElectronInstances();",
              "err": {},
              "uuid": "9cd461bf-5892-45d6-be79-c802a83ee1a3",
              "parentUUID": "65b0a45c-8a17-4d8e-9849-9f49cd88b6be",
              "isHook": true,
              "skipped": false
            }
          ],
          "tests": [
            {
              "title": "MM-T4404 should open the 3 dot menu with Alt",
              "fullTitle": "menu/menu MM-T4404 should open the 3 dot menu with Alt",
              "timedOut": false,
              "duration": 1044,
              "state": "passed",
              "speed": "slow",
              "pass": true,
              "fail": false,
              "pending": false,
              "context": null,
              "code": "const mainWindow=this.app.windows().find(window=>window.url().includes('index'));mainWindow.should.not.be.null;await mainWindow.bringToFront();await mainWindow.click('#app');// Settings window should open if Alt works\nrobot.keyTap('alt');robot.keyTap('enter');robot.keyTap('f');robot.keyTap('s');robot.keyTap('enter');const settingsWindow=await this.app.waitForEvent('window',{predicate:window=>window.url().includes('settings')});settingsWindow.should.not.be.null;",
              "err": {},
              "uuid": "31ccd799-d628-4154-966e-8b5695531227",
              "parentUUID": "65b0a45c-8a17-4d8e-9849-9f49cd88b6be",
              "isHook": false,
              "skipped": false
            }
          ],
          "suites": [],
          "passes": [
            "31ccd799-d628-4154-966e-8b5695531227"
          ],
          "failures": [],
          "pending": [],
          "skipped": [],
          "duration": 1044,
          "root": false,
          "rootEmpty": false,
          "_timeout": 30000
        },
        {
          "uuid": "e2d4f60a-e0f5-464f-b4cb-082dadaf8df8",
          "title": "menu/view",
          "fullFile": "G:\\Workspace\\mattermost\\desktop\\dist\\tests\\e2e_bundle.js",
          "file": "\\dist\\tests\\e2e_bundle.js",
          "beforeHooks": [
            {
              "title": "\"before each\" hook in \"menu/view\"",
              "fullTitle": "menu/view \"before each\" hook in \"menu/view\"",
              "timedOut": false,
              "duration": 4520,
              "state": null,
              "speed": null,
              "pass": false,
              "fail": false,
              "pending": false,
              "context": null,
              "code": "env.cleanDataDir();env.createTestUserDataDir();env.cleanTestConfig();fs.writeFileSync(env.configFilePath,JSON.stringify(config));await asyncSleep(1000);this.app=await env.getApp();this.serverMap=await env.getServerMap(this.app);",
              "err": {},
              "uuid": "c9aed692-7715-4af3-8e64-c702dc13ac18",
              "parentUUID": "e2d4f60a-e0f5-464f-b4cb-082dadaf8df8",
              "isHook": true,
              "skipped": false
            }
          ],
          "afterHooks": [
            {
              "title": "\"after each\" hook in \"menu/view\"",
              "fullTitle": "menu/view \"after each\" hook in \"menu/view\"",
              "timedOut": false,
              "duration": 8346,
              "state": null,
              "speed": null,
              "pass": false,
              "fail": false,
              "pending": false,
              "context": null,
              "code": "if(this.app){await this.app.close();}await env.clearElectronInstances();",
              "err": {},
              "uuid": "d96a61ef-57b3-48b4-9cf4-bccd84a27992",
              "parentUUID": "e2d4f60a-e0f5-464f-b4cb-082dadaf8df8",
              "isHook": true,
              "skipped": false
            }
          ],
          "tests": [
            {
              "title": "MM-T813 Control+F should focus the search bar in Mattermost",
              "fullTitle": "menu/view MM-T813 Control+F should focus the search bar in Mattermost",
              "timedOut": false,
              "duration": 7552,
              "state": "passed",
              "speed": "slow",
              "pass": true,
              "fail": false,
              "pending": false,
              "context": null,
              "code": "const loadingScreen=this.app.windows().find(window=>window.url().includes('loadingScreen'));await loadingScreen.waitForSelector('.LoadingScreen',{state:'hidden'});const firstServer=this.serverMap[`${config.teams[0].name}___TAB_MESSAGING`].win;await env.loginToMattermost(firstServer);await firstServer.waitForSelector('#searchBox');await asyncSleep(1000);robot.keyTap('f',[process.platform==='darwin'?'command':'control']);await asyncSleep(500);const isFocused=await firstServer.$eval('#searchBox',el=>el===document.activeElement);isFocused.should.be.true;const text=await firstServer.inputValue('#searchBox');text.should.include('in:');",
              "err": {},
              "uuid": "be03045d-2e07-42aa-b45a-62b9860f213b",
              "parentUUID": "e2d4f60a-e0f5-464f-b4cb-082dadaf8df8",
              "isHook": false,
              "skipped": false
            },
            {
              "title": "MM-T816 Toggle Full Screen in the Menu Bar",
              "fullTitle": "menu/view MM-T816 Toggle Full Screen in the Menu Bar",
              "timedOut": false,
              "duration": 8598,
              "state": "passed",
              "speed": "slow",
              "pass": true,
              "fail": false,
              "pending": false,
              "context": null,
              "code": "const mainWindow=this.app.windows().find(window=>window.url().includes('index'));const loadingScreen=this.app.windows().find(window=>window.url().includes('loadingScreen'));await loadingScreen.waitForSelector('.LoadingScreen',{state:'hidden'});const firstServer=this.serverMap[`${config.teams[0].name}___TAB_MESSAGING`].win;await env.loginToMattermost(firstServer);await firstServer.waitForSelector('#searchBox');let currentWidth=await firstServer.evaluate('window.outerWidth');let currentHeight=await firstServer.evaluate('window.outerHeight');await mainWindow.click('button.three-dot-menu');robot.keyTap('v');robot.keyTap('t');robot.keyTap('enter');await asyncSleep(1000);const fullScreenWidth=await firstServer.evaluate('window.outerWidth');const fullScreenHeight=await firstServer.evaluate('window.outerHeight');fullScreenWidth.should.be.greaterThan(currentWidth);fullScreenHeight.should.be.greaterThan(currentHeight);await mainWindow.click('button.three-dot-menu');robot.keyTap('v');robot.keyTap('t');robot.keyTap('enter');await asyncSleep(1000);currentWidth=await firstServer.evaluate('window.outerWidth');currentHeight=await firstServer.evaluate('window.outerHeight');currentWidth.should.be.lessThan(fullScreenWidth);currentHeight.should.be.lessThan(fullScreenHeight);",
              "err": {},
              "uuid": "5bd82c42-b1b4-429c-8a9c-d3747e112187",
              "parentUUID": "e2d4f60a-e0f5-464f-b4cb-082dadaf8df8",
              "isHook": false,
              "skipped": false
            },
            {
              "title": "MM-T817 Actual Size Zoom in the menu bar",
              "fullTitle": "menu/view MM-T817 Actual Size Zoom in the menu bar",
              "timedOut": false,
              "duration": 7458,
              "state": "passed",
              "speed": "slow",
              "pass": true,
              "fail": false,
              "pending": false,
              "context": null,
              "code": "const mainWindow=this.app.windows().find(window=>window.url().includes('index'));const browserWindow=await this.app.browserWindow(mainWindow);const loadingScreen=this.app.windows().find(window=>window.url().includes('loadingScreen'));await loadingScreen.waitForSelector('.LoadingScreen',{state:'hidden'});const firstServer=this.serverMap[`${config.teams[0].name}___TAB_MESSAGING`].win;const firstServerId=this.serverMap[`${config.teams[0].name}___TAB_MESSAGING`].webContentsId;await env.loginToMattermost(firstServer);await firstServer.waitForSelector('#searchBox');robot.keyTap('=',[env.cmdOrCtrl]);await asyncSleep(1000);let zoomLevel=await browserWindow.evaluate((window,id)=>window.getBrowserViews().find(view=>view.webContents.id===id).webContents.getZoomFactor(),firstServerId);zoomLevel.should.be.greaterThan(1);robot.keyTap('0',[env.cmdOrCtrl]);await asyncSleep(1000);zoomLevel=await browserWindow.evaluate((window,id)=>window.getBrowserViews().find(view=>view.webContents.id===id).webContents.getZoomFactor(),firstServerId);zoomLevel.should.be.equal(1);",
              "err": {},
              "uuid": "ec9555f8-08cf-4b97-8191-2161b94b5057",
              "parentUUID": "e2d4f60a-e0f5-464f-b4cb-082dadaf8df8",
              "isHook": false,
              "skipped": false
            },
            {
              "title": "MM-T820 should open Developer Tools For Application Wrapper for main window",
              "fullTitle": "menu/view MM-T820 should open Developer Tools For Application Wrapper for main window",
              "timedOut": false,
              "duration": 4732,
              "state": "passed",
              "speed": "slow",
              "pass": true,
              "fail": false,
              "pending": false,
              "context": null,
              "code": "const mainWindow=this.app.windows().find(window=>window.url().includes('loadingScreen'));const browserWindow=await this.app.browserWindow(mainWindow);const loadingScreen=this.app.windows().find(window=>window.url().includes('loadingScreen'));await loadingScreen.waitForSelector('.LoadingScreen',{state:'hidden'});let isDevToolsOpen=await browserWindow.evaluate(window=>{return window.webContents.isDevToolsOpened();});isDevToolsOpen.should.be.false;robot.keyTap('i',process.platform==='darwin'?['command','alt']:['control','shift']);await asyncSleep(1000);isDevToolsOpen=await browserWindow.evaluate(window=>{return window.webContents.isDevToolsOpened();});isDevToolsOpen.should.be.true;",
              "err": {},
              "uuid": "3246adfd-93ab-42db-80bd-7374147e2cfe",
              "parentUUID": "e2d4f60a-e0f5-464f-b4cb-082dadaf8df8",
              "isHook": false,
              "skipped": false
            },
            {
              "title": "MM-T821 should open Developer Tools For Current Server for the active tab",
              "fullTitle": "menu/view MM-T821 should open Developer Tools For Current Server for the active tab",
              "timedOut": false,
              "duration": 5689,
              "state": "passed",
              "speed": "slow",
              "pass": true,
              "fail": false,
              "pending": false,
              "context": null,
              "code": "const mainWindow=this.app.windows().find(window=>window.url().includes('loadingScreen'));const browserWindow=await this.app.browserWindow(mainWindow);const webContentsId=this.serverMap[`${config.teams[0].name}___TAB_MESSAGING`].webContentsId;const loadingScreen=this.app.windows().find(window=>window.url().includes('loadingScreen'));await loadingScreen.waitForSelector('.LoadingScreen',{state:'hidden'});let isDevToolsOpen=await browserWindow.evaluate((window,id)=>{return window.getBrowserViews().find(view=>view.webContents.id===id).webContents.isDevToolsOpened();},webContentsId);isDevToolsOpen.should.be.false;// Open Developer Tools for Current Server\nrobot.keyTap('alt');robot.keyTap('enter');robot.keyTap('v');robot.keyTap('d');robot.keyTap('d');robot.keyTap('enter');await asyncSleep(1000);isDevToolsOpen=await browserWindow.evaluate((window,id)=>{return window.getBrowserViews().find(view=>view.webContents.id===id).webContents.isDevToolsOpened();},webContentsId);isDevToolsOpen.should.be.true;",
              "err": {},
              "uuid": "70ef3d97-03fd-44ec-a8a7-4f919a7db4ae",
              "parentUUID": "e2d4f60a-e0f5-464f-b4cb-082dadaf8df8",
              "isHook": false,
              "skipped": false
            }
          ],
          "suites": [
            {
              "uuid": "d721b5dd-9bbb-44a6-9dd4-b6868641b088",
              "title": "MM-T818 Zoom in from the menu bar",
              "fullFile": "G:\\Workspace\\mattermost\\desktop\\dist\\tests\\e2e_bundle.js",
              "file": "\\dist\\tests\\e2e_bundle.js",
              "beforeHooks": [],
              "afterHooks": [],
              "tests": [
                {
                  "title": "MM-T818 Zoom in when CmdOrCtrl+Plus is pressed",
                  "fullTitle": "menu/view MM-T818 Zoom in from the menu bar MM-T818 Zoom in when CmdOrCtrl+Plus is pressed",
                  "timedOut": false,
                  "duration": 6238,
                  "state": "passed",
                  "speed": "slow",
                  "pass": true,
                  "fail": false,
                  "pending": false,
                  "context": null,
                  "code": "const mainWindow=this.app.windows().find(window=>window.url().includes('index'));const browserWindow=await this.app.browserWindow(mainWindow);const loadingScreen=this.app.windows().find(window=>window.url().includes('loadingScreen'));await loadingScreen.waitForSelector('.LoadingScreen',{state:'hidden'});const firstServer=this.serverMap[`${config.teams[0].name}___TAB_MESSAGING`].win;const firstServerId=this.serverMap[`${config.teams[0].name}___TAB_MESSAGING`].webContentsId;await env.loginToMattermost(firstServer);await firstServer.waitForSelector('#searchBox');robot.keyTap('=',[env.cmdOrCtrl]);await asyncSleep(1000);const zoomLevel=await browserWindow.evaluate((window,id)=>window.getBrowserViews().find(view=>view.webContents.id===id).webContents.getZoomFactor(),firstServerId);zoomLevel.should.be.greaterThan(1);",
                  "err": {},
                  "uuid": "a82bf42e-e35d-482d-a942-591ee37ee83f",
                  "parentUUID": "d721b5dd-9bbb-44a6-9dd4-b6868641b088",
                  "isHook": false,
                  "skipped": false
                },
                {
                  "title": "MM-T818_1 Zoom in when CmdOrCtrl+Shift+Plus is pressed",
                  "fullTitle": "menu/view MM-T818 Zoom in from the menu bar MM-T818_1 Zoom in when CmdOrCtrl+Shift+Plus is pressed",
                  "timedOut": false,
                  "duration": 8192,
                  "state": "passed",
                  "speed": "slow",
                  "pass": true,
                  "fail": false,
                  "pending": false,
                  "context": null,
                  "code": "const mainWindow=this.app.windows().find(window=>window.url().includes('index'));const browserWindow=await this.app.browserWindow(mainWindow);const loadingScreen=this.app.windows().find(window=>window.url().includes('loadingScreen'));await loadingScreen.waitForSelector('.LoadingScreen',{state:'hidden'});const firstServer=this.serverMap[`${config.teams[0].name}___TAB_MESSAGING`].win;const firstServerId=this.serverMap[`${config.teams[0].name}___TAB_MESSAGING`].webContentsId;await env.loginToMattermost(firstServer);await firstServer.waitForSelector('#searchBox');// reset zoom\nawait setZoomFactorOfServer(browserWindow,firstServerId,1);await asyncSleep(1000);const initialZoom=await getZoomFactorOfServer(browserWindow,firstServerId);initialZoom.should.be.equal(1);robot.keyTap('=',[env.cmdOrCtrl,'shift']);await asyncSleep(1000);const zoomLevel=await getZoomFactorOfServer(browserWindow,firstServerId);zoomLevel.should.be.greaterThan(1);",
                  "err": {},
                  "uuid": "a7d09836-0498-4101-8419-51e51c354397",
                  "parentUUID": "d721b5dd-9bbb-44a6-9dd4-b6868641b088",
                  "isHook": false,
                  "skipped": false
                }
              ],
              "suites": [],
              "passes": [
                "a82bf42e-e35d-482d-a942-591ee37ee83f",
                "a7d09836-0498-4101-8419-51e51c354397"
              ],
              "failures": [],
              "pending": [],
              "skipped": [],
              "duration": 14430,
              "root": false,
              "rootEmpty": false,
              "_timeout": 30000
            },
            {
              "uuid": "8534051b-c6fc-40d1-bb45-2f326a713d25",
              "title": "MM-T818 Zoom out from the menu bar",
              "fullFile": "G:\\Workspace\\mattermost\\desktop\\dist\\tests\\e2e_bundle.js",
              "file": "\\dist\\tests\\e2e_bundle.js",
              "beforeHooks": [],
              "afterHooks": [],
              "tests": [
                {
                  "title": "MM-T819 Zoom out when CmdOrCtrl+Minus is pressed",
                  "fullTitle": "menu/view MM-T818 Zoom out from the menu bar MM-T819 Zoom out when CmdOrCtrl+Minus is pressed",
                  "timedOut": false,
                  "duration": 25106,
                  "state": "passed",
                  "speed": "slow",
                  "pass": true,
                  "fail": false,
                  "pending": false,
                  "context": null,
                  "code": "const mainWindow=this.app.windows().find(window=>window.url().includes('index'));const browserWindow=await this.app.browserWindow(mainWindow);const loadingScreen=this.app.windows().find(window=>window.url().includes('loadingScreen'));await loadingScreen.waitForSelector('.LoadingScreen',{state:'hidden'});const firstServer=this.serverMap[`${config.teams[0].name}___TAB_MESSAGING`].win;const firstServerId=this.serverMap[`${config.teams[0].name}___TAB_MESSAGING`].webContentsId;await env.loginToMattermost(firstServer);await firstServer.waitForSelector('#searchBox');robot.keyTap('-',[env.cmdOrCtrl]);await asyncSleep(1000);const zoomLevel=await browserWindow.evaluate((window,id)=>window.getBrowserViews().find(view=>view.webContents.id===id).webContents.getZoomFactor(),firstServerId);zoomLevel.should.be.lessThan(1);",
                  "err": {},
                  "uuid": "a2d70a9a-fdd3-4f8b-89f4-77e7f6a6f39d",
                  "parentUUID": "8534051b-c6fc-40d1-bb45-2f326a713d25",
                  "isHook": false,
                  "skipped": false
                },
                {
                  "title": "MM-T819_1 Zoom out when CmdOrCtrl+Shift+Minus is pressed",
                  "fullTitle": "menu/view MM-T818 Zoom out from the menu bar MM-T819_1 Zoom out when CmdOrCtrl+Shift+Minus is pressed",
                  "timedOut": false,
                  "duration": 7233,
                  "state": "passed",
                  "speed": "slow",
                  "pass": true,
                  "fail": false,
                  "pending": false,
                  "context": null,
                  "code": "const mainWindow=this.app.windows().find(window=>window.url().includes('index'));const browserWindow=await this.app.browserWindow(mainWindow);const loadingScreen=this.app.windows().find(window=>window.url().includes('loadingScreen'));await loadingScreen.waitForSelector('.LoadingScreen',{state:'hidden'});const firstServer=this.serverMap[`${config.teams[0].name}___TAB_MESSAGING`].win;const firstServerId=this.serverMap[`${config.teams[0].name}___TAB_MESSAGING`].webContentsId;await env.loginToMattermost(firstServer);await firstServer.waitForSelector('#searchBox');// reset zoom\nawait setZoomFactorOfServer(browserWindow,firstServerId,1.0);await asyncSleep(1000);const initialZoom=await getZoomFactorOfServer(browserWindow,firstServerId);initialZoom.should.be.equal(1);robot.keyTap('-',[env.cmdOrCtrl,'shift']);await asyncSleep(1000);const zoomLevel=await getZoomFactorOfServer(browserWindow,firstServerId);zoomLevel.should.be.lessThan(1);",
                  "err": {},
                  "uuid": "8e0e50b8-efa4-4d1a-bc8b-8d428c35a3dc",
                  "parentUUID": "8534051b-c6fc-40d1-bb45-2f326a713d25",
                  "isHook": false,
                  "skipped": false
                }
              ],
              "suites": [],
              "passes": [
                "a2d70a9a-fdd3-4f8b-89f4-77e7f6a6f39d",
                "8e0e50b8-efa4-4d1a-bc8b-8d428c35a3dc"
              ],
              "failures": [],
              "pending": [],
              "skipped": [],
              "duration": 32339,
              "root": false,
              "rootEmpty": false,
              "_timeout": 30000
            },
            {
              "uuid": "51062968-e1d9-4a6d-930a-6ee22fecb28f",
              "title": "Reload",
              "fullFile": "G:\\Workspace\\mattermost\\desktop\\dist\\tests\\e2e_bundle.js",
              "file": "\\dist\\tests\\e2e_bundle.js",
              "beforeHooks": [
                {
                  "title": "\"before each\" hook in \"Reload\"",
                  "fullTitle": "menu/view Reload \"before each\" hook in \"Reload\"",
                  "timedOut": false,
                  "duration": 3324,
                  "state": null,
                  "speed": null,
                  "pass": false,
                  "fail": false,
                  "pending": false,
                  "context": null,
                  "code": "const mainWindow=this.app.windows().find(window=>window.url().includes('index'));browserWindow=await this.app.browserWindow(mainWindow);webContentsId=this.serverMap[`${config.teams[0].name}___TAB_MESSAGING`].webContentsId;const loadingScreen=this.app.windows().find(window=>window.url().includes('loadingScreen'));await loadingScreen.waitForSelector('.LoadingScreen',{state:'hidden'});",
                  "err": {},
                  "uuid": "bb01c006-1626-4c66-b8c8-6ab995eae5b9",
                  "parentUUID": "51062968-e1d9-4a6d-930a-6ee22fecb28f",
                  "isHook": true,
                  "skipped": false
                }
              ],
              "afterHooks": [],
              "tests": [
                {
                  "title": "MM-T814 should reload page when pressing Ctrl+R",
                  "fullTitle": "menu/view Reload MM-T814 should reload page when pressing Ctrl+R",
                  "timedOut": false,
                  "duration": 1113,
                  "state": "passed",
                  "speed": "slow",
                  "pass": true,
                  "fail": false,
                  "pending": false,
                  "context": null,
                  "code": "const check=browserWindow.evaluate(setupPromise,webContentsId);await asyncSleep(500);robot.keyTap('r',[env.cmdOrCtrl]);const result=await check;result.should.be.true;",
                  "err": {},
                  "uuid": "a883ce95-4139-4f4d-82da-ab91975d1aca",
                  "parentUUID": "51062968-e1d9-4a6d-930a-6ee22fecb28f",
                  "isHook": false,
                  "skipped": false
                },
                {
                  "title": "MM-T815 should reload page when pressing Ctrl+Shift+R",
                  "fullTitle": "menu/view Reload MM-T815 should reload page when pressing Ctrl+Shift+R",
                  "timedOut": false,
                  "duration": 1178,
                  "state": "passed",
                  "speed": "slow",
                  "pass": true,
                  "fail": false,
                  "pending": false,
                  "context": null,
                  "code": "const check=browserWindow.evaluate(setupPromise,webContentsId);await asyncSleep(500);robot.keyTap('r',[env.cmdOrCtrl,'shift']);const result=await check;result.should.be.true;",
                  "err": {},
                  "uuid": "b91a36f3-1137-4fe0-87ca-fdc981cd7699",
                  "parentUUID": "51062968-e1d9-4a6d-930a-6ee22fecb28f",
                  "isHook": false,
                  "skipped": false
                }
              ],
              "suites": [],
              "passes": [
                "a883ce95-4139-4f4d-82da-ab91975d1aca",
                "b91a36f3-1137-4fe0-87ca-fdc981cd7699"
              ],
              "failures": [],
              "pending": [],
              "skipped": [],
              "duration": 2291,
              "root": false,
              "rootEmpty": false,
              "_timeout": 30000
            }
          ],
          "passes": [
            "be03045d-2e07-42aa-b45a-62b9860f213b",
            "5bd82c42-b1b4-429c-8a9c-d3747e112187",
            "ec9555f8-08cf-4b97-8191-2161b94b5057",
            "3246adfd-93ab-42db-80bd-7374147e2cfe",
            "70ef3d97-03fd-44ec-a8a7-4f919a7db4ae"
          ],
          "failures": [],
          "pending": [],
          "skipped": [],
          "duration": 34029,
          "root": false,
          "rootEmpty": false,
          "_timeout": 30000
        },
        {
          "uuid": "6b359f5b-5fa4-449e-a3ce-858d9514253a",
          "title": "Menu/window_menu",
          "fullFile": "G:\\Workspace\\mattermost\\desktop\\dist\\tests\\e2e_bundle.js",
          "file": "\\dist\\tests\\e2e_bundle.js",
          "beforeHooks": [
            {
              "title": "\"before each\" hook in \"Menu/window_menu\"",
              "fullTitle": "Menu/window_menu \"before each\" hook in \"Menu/window_menu\"",
[...]
          ],
          "afterHooks": [
            {
              "title": "\"after each\" hook in \"startup/app\"",
              "fullTitle": "startup/app \"after each\" hook in \"startup/app\"",
              "timedOut": false,
              "duration": 7957,
              "state": null,
              "speed": null,
              "pass": false,
              "fail": false,
              "pending": false,
              "context": null,
              "code": "if(this.app){await this.app.close();}await env.clearElectronInstances();",
              "err": {},
              "uuid": "4005706b-1623-497f-91a0-d8d2a1d2793f",
              "parentUUID": "ed22670b-c37b-4eee-8d69-b116863f1e3d",
              "isHook": true,
              "skipped": false
            }
          ],
          "tests": [
            {
              "title": "MM-T4399_1 should show the new server modal when no servers exist",
              "fullTitle": "startup/app MM-T4399_1 should show the new server modal when no servers exist",
              "timedOut": false,
              "duration": 24,
              "state": "passed",
              "speed": "fast",
              "pass": true,
              "fail": false,
              "pending": false,
              "context": null,
              "code": "const newServerModal=this.app.windows().find(window=>window.url().includes('newServer'));const modalTitle=await newServerModal.innerText('#newServerModal .modal-title');modalTitle.should.equal('Add Server');",
              "err": {},
              "uuid": "0605277c-cb5c-4747-82c6-30130422fe00",
              "parentUUID": "ed22670b-c37b-4eee-8d69-b116863f1e3d",
              "isHook": false,
              "skipped": false
            },
            {
              "title": "MM-T4419 should not allow the user to close the new server modal when no servers exist",
              "fullTitle": "startup/app MM-T4419 should not allow the user to close the new server modal when no servers exist",
              "timedOut": false,
              "duration": 223,
              "state": "passed",
              "speed": "slow",
              "pass": true,
              "fail": false,
              "pending": false,
              "context": null,
              "code": "const newServerModal=this.app.windows().find(window=>window.url().includes('newServer'));const existing=await newServerModal.isVisible('#cancelNewServerModal');existing.should.be.false;robot.keyTap('escape');const existingModal=this.app.windows().find(window=>window.url().includes('newServer'));existingModal.should.not.be.null;",
              "err": {},
              "uuid": "03732314-d499-4459-9f6f-6a818972ef56",
              "parentUUID": "ed22670b-c37b-4eee-8d69-b116863f1e3d",
              "isHook": false,
              "skipped": false
            },
            {
              "title": "MM-T4399_2 should show no servers configured in dropdown when no servers exist",
              "fullTitle": "startup/app MM-T4399_2 should show no servers configured in dropdown when no servers exist",
              "timedOut": false,
              "duration": 24,
              "state": "passed",
              "speed": "fast",
              "pass": true,
              "fail": false,
              "pending": false,
              "context": null,
              "code": "const mainWindow=this.app.windows().find(window=>window.url().includes('index'));const dropdownButtonText=await mainWindow.innerText('.TeamDropdownButton');dropdownButtonText.should.equal('No servers configured');",
              "err": {},
              "uuid": "43eb4a02-0586-48b9-91c8-aff071a3cb6c",
              "parentUUID": "ed22670b-c37b-4eee-8d69-b116863f1e3d",
              "isHook": false,
              "skipped": false
            },
            {
              "title": "MM-T4400 should be stopped when the app instance already exists",
              "fullTitle": "startup/app MM-T4400 should be stopped when the app instance already exists",
              "timedOut": false,
              "duration": 3001,
              "state": "passed",
              "speed": "slow",
              "pass": true,
              "fail": false,
              "pending": false,
              "context": null,
              "code": "const secondApp=env.getApp();// In the correct case, 'start().then' is not called.\n// So need to use setTimeout in order to finish this test.\nconst timer=setTimeout(()=>{done();},3000);secondApp.then(()=>{clearTimeout(timer);return secondApp.close();}).then(()=>{done(new Error('Second app instance exists'));});",
              "err": {},
              "uuid": "98e007f2-5631-4825-aea2-208f6d18aca8",
              "parentUUID": "ed22670b-c37b-4eee-8d69-b116863f1e3d",
              "isHook": false,
              "skipped": false
            }
          ],
          "suites": [],
          "passes": [
            "0605277c-cb5c-4747-82c6-30130422fe00",
            "03732314-d499-4459-9f6f-6a818972ef56",
            "43eb4a02-0586-48b9-91c8-aff071a3cb6c",
            "98e007f2-5631-4825-aea2-208f6d18aca8"
          ],
          "failures": [],
          "pending": [],
          "skipped": [],
          "duration": 3272,
          "root": false,
          "rootEmpty": false,
          "_timeout": 30000
        },
        {
          "uuid": "44239130-eb18-4e86-bbd6-34eaaa3f127e",
          "title": "config",
          "fullFile": "G:\\Workspace\\mattermost\\desktop\\dist\\tests\\e2e_bundle.js",
          "file": "\\dist\\tests\\e2e_bundle.js",
          "beforeHooks": [
            {
              "title": "\"before each\" hook in \"config\"",
              "fullTitle": "config \"before each\" hook in \"config\"",
              "timedOut": false,
              "duration": 0,
              "state": null,
              "speed": null,
              "pass": false,
              "fail": false,
              "pending": false,
              "context": null,
              "code": "env.createTestUserDataDir();env.cleanTestConfig();",
              "err": {},
              "uuid": "2b6f4f7a-5c42-40a8-ac8a-829c1226cebb",
              "parentUUID": "44239130-eb18-4e86-bbd6-34eaaa3f127e",
              "isHook": true,
              "skipped": false
            }
          ],
          "afterHooks": [
            {
              "title": "\"after each\" hook in \"config\"",
              "fullTitle": "config \"after each\" hook in \"config\"",
              "timedOut": false,
              "duration": 7729,
              "state": null,
              "speed": null,
              "pass": false,
              "fail": false,
              "pending": false,
              "context": null,
              "code": "if(this.app){try{await this.app.close();// eslint-disable-next-line no-empty\n}catch(err){}}await env.clearElectronInstances();",
              "err": {},
              "uuid": "ae4d940a-7d21-40ba-ab05-17a297761031",
              "parentUUID": "44239130-eb18-4e86-bbd6-34eaaa3f127e",
              "isHook": true,
              "skipped": false
            }
          ],
          "tests": [
            {
              "title": "MM-T4402 should upgrade v0 config file",
              "fullTitle": "config MM-T4402 should upgrade v0 config file",
              "timedOut": false,
              "duration": 2726,
              "state": "passed",
              "speed": "slow",
              "pass": true,
              "fail": false,
              "pending": false,
              "context": null,
              "code": "const Config=__webpack_require__(/*! ../../../src/common/config */\"./src/common/config/index.ts\").Config;const newConfig=new Config(env.configFilePath);const oldConfig={url:env.exampleURL};fs.writeFileSync(env.configFilePath,JSON.stringify(oldConfig));this.app=await env.getApp();const mainWindow=this.app.windows().find(window=>window.url().includes('index'));const dropdownButtonText=await mainWindow.innerText('.TeamDropdownButton:has-text(\"Primary team\")');dropdownButtonText.should.equal('Primary team');const str=fs.readFileSync(env.configFilePath,'utf8');const upgradedConfig=JSON.parse(str);upgradedConfig.version.should.equal(newConfig.defaultData.version);await this.app.close();",
              "err": {},
              "uuid": "771af4d5-df5d-47bd-a1aa-b12334fdc2da",
              "parentUUID": "44239130-eb18-4e86-bbd6-34eaaa3f127e",
              "isHook": false,
              "skipped": false
            }
          ],
          "suites": [
            {
              "uuid": "36028d54-01d6-4a47-92c9-5540f5a44036",
              "title": "MM-T4401 should show servers in dropdown when there is config file",
              "fullFile": "G:\\Workspace\\mattermost\\desktop\\dist\\tests\\e2e_bundle.js",
              "file": "\\dist\\tests\\e2e_bundle.js",
              "beforeHooks": [
                {
                  "title": "\"before each\" hook in \"MM-T4401 should show servers in dropdown when there is config file\"",
                  "fullTitle": "config MM-T4401 should show servers in dropdown when there is config file \"before each\" hook in \"MM-T4401 should show servers in dropdown when there is config file\"",
                  "timedOut": false,
                  "duration": 2636,
                  "state": null,
                  "speed": null,
                  "pass": false,
                  "fail": false,
                  "pending": false,
                  "context": null,
                  "code": "fs.writeFileSync(env.configFilePath,JSON.stringify(config));this.app=await env.getApp();",
                  "err": {},
                  "uuid": "06817b88-3276-4b77-af34-4396cdeaf978",
                  "parentUUID": "36028d54-01d6-4a47-92c9-5540f5a44036",
                  "isHook": true,
                  "skipped": false
                }
              ],
              "afterHooks": [
                {
                  "title": "\"after each\" hook in \"MM-T4401 should show servers in dropdown when there is config file\"",
                  "fullTitle": "config MM-T4401 should show servers in dropdown when there is config file \"after each\" hook in \"MM-T4401 should show servers in dropdown when there is config file\"",
                  "timedOut": false,
                  "duration": 133,
                  "state": null,
                  "speed": null,
                  "pass": false,
                  "fail": false,
                  "pending": false,
                  "context": null,
                  "code": "if(this.app){try{await this.app.close();// eslint-disable-next-line no-empty\n}catch(err){}}",
                  "err": {},
                  "uuid": "5becc268-cff6-46b4-8171-c3709839d9cf",
                  "parentUUID": "36028d54-01d6-4a47-92c9-5540f5a44036",
                  "isHook": true,
                  "skipped": false
                }
              ],
              "tests": [
                {
                  "title": "MM-T4401_1 should show correct server in the dropdown button",
                  "fullTitle": "config MM-T4401 should show servers in dropdown when there is config file MM-T4401_1 should show correct server in the dropdown button",
                  "timedOut": false,
                  "duration": 20,
                  "state": "passed",
                  "speed": "fast",
                  "pass": true,
                  "fail": false,
                  "pending": false,
                  "context": null,
                  "code": "const mainWindow=this.app.windows().find(window=>window.url().includes('index'));const dropdownButtonText=await mainWindow.innerText('.TeamDropdownButton');dropdownButtonText.should.equal('example');",
                  "err": {},
                  "uuid": "981131ac-b1a8-44f2-a223-61052dee80da",
                  "parentUUID": "36028d54-01d6-4a47-92c9-5540f5a44036",
                  "isHook": false,
                  "skipped": false
                },
                {
                  "title": "MM-T4401_2 should set src of browser view from config file",
                  "fullTitle": "config MM-T4401 should show servers in dropdown when there is config file MM-T4401_2 should set src of browser view from config file",
                  "timedOut": false,
                  "duration": 1,
                  "state": "passed",
                  "speed": "fast",
                  "pass": true,
                  "fail": false,
                  "pending": false,
                  "context": null,
                  "code": "const firstServer=this.app.windows().find(window=>window.url()===config.teams[0].url);const secondServer=this.app.windows().find(window=>window.url()===config.teams[1].url);firstServer.should.not.be.null;secondServer.should.not.be.null;",
                  "err": {},
                  "uuid": "d21f0868-d1ab-49eb-b31b-97c87ef5c793",
                  "parentUUID": "36028d54-01d6-4a47-92c9-5540f5a44036",
                  "isHook": false,
                  "skipped": false
                }
              ],
              "suites": [],
              "passes": [
                "981131ac-b1a8-44f2-a223-61052dee80da",
                "d21f0868-d1ab-49eb-b31b-97c87ef5c793"
              ],
              "failures": [],
              "pending": [],
              "skipped": [],
              "duration": 21,
              "root": false,
              "rootEmpty": false,
              "_timeout": 30000
            }
          ],
          "passes": [
            "771af4d5-df5d-47bd-a1aa-b12334fdc2da"
          ],
          "failures": [],
          "pending": [],
          "skipped": [],
          "duration": 2726,
          "root": false,
          "rootEmpty": false,
          "_timeout": 30000
        },
        {
          "uuid": "09da7eb0-6cec-4e48-943c-9d91ac226850",
          "title": "window",
          "fullFile": "G:\\Workspace\\mattermost\\desktop\\dist\\tests\\e2e_bundle.js",
          "file": "\\dist\\tests\\e2e_bundle.js",
          "beforeHooks": [
            {
              "title": "\"before each\" hook in \"window\"",
              "fullTitle": "window \"before each\" hook in \"window\"",
              "timedOut": false,
              "duration": 0,
              "state": null,
              "speed": null,
              "pass": false,
              "fail": false,
              "pending": false,
              "context": null,
              "code": "env.createTestUserDataDir();env.cleanTestConfig();",
              "err": {},
              "uuid": "16b8b42a-3f36-41a0-89fc-451c79e0ad41",
              "parentUUID": "09da7eb0-6cec-4e48-943c-9d91ac226850",
              "isHook": true,
              "skipped": false
            }
          ],
          "afterHooks": [
            {
              "title": "\"after each\" hook in \"window\"",
              "fullTitle": "window \"after each\" hook in \"window\"",
              "timedOut": false,
              "duration": 7668,
              "state": null,
              "speed": null,
              "pass": false,
              "fail": false,
              "pending": false,
              "context": null,
              "code": "if(this.app){try{await this.app.close();// eslint-disable-next-line no-empty\n}catch(err){}}await env.clearElectronInstances();",
              "err": {},
              "uuid": "030e574d-7dbf-41ce-b4ec-f1c2946d9b92",
              "parentUUID": "09da7eb0-6cec-4e48-943c-9d91ac226850",
              "isHook": true,
              "skipped": false
            }
          ],
          "tests": [
            {
              "title": "MM-T4403_1 should restore window bounds",
              "fullTitle": "window MM-T4403_1 should restore window bounds",
              "timedOut": false,
              "duration": 2605,
              "state": "passed",
              "speed": "slow",
              "pass": true,
              "fail": false,
              "pending": false,
              "context": null,
              "code": "const expectedBounds={x:100,y:200,width:800,height:400};fs.writeFileSync(env.boundsInfoPath,JSON.stringify(expectedBounds));this.app=await env.getApp();const mainWindow=await this.app.windows().find(window=>window.url().includes('index'));const browserWindow=await this.app.browserWindow(mainWindow);const bounds=await browserWindow.evaluate(window=>window.getContentBounds());bounds.should.deep.equal(expectedBounds);await this.app.close();",
              "err": {},
              "uuid": "bd4c10f1-d25d-4ebf-8972-3377c7064ad4",
              "parentUUID": "09da7eb0-6cec-4e48-943c-9d91ac226850",
              "isHook": false,
              "skipped": false
            },
            {
              "title": "MM-T4403_2 should NOT restore window bounds if x is located on outside of viewarea",
              "fullTitle": "window MM-T4403_2 should NOT restore window bounds if x is located on outside of viewarea",
              "timedOut": false,
              "duration": 2559,
              "state": "passed",
              "speed": "slow",
              "pass": true,
              "fail": false,
              "pending": false,
              "context": null,
              "code": "fs.writeFileSync(env.boundsInfoPath,JSON.stringify({x:-100000,y:200,width:800,height:400}));this.app=await env.getApp();const mainWindow=await this.app.windows().find(window=>window.url().includes('index'));const browserWindow=await this.app.browserWindow(mainWindow);const bounds=await browserWindow.evaluate(window=>window.getContentBounds());bounds.x.should.satisfy(x=>x>-100000);await this.app.close();",
              "err": {},
              "uuid": "cc7264af-25db-477e-a8a4-f59c08c75d23",
              "parentUUID": "09da7eb0-6cec-4e48-943c-9d91ac226850",
              "isHook": false,
              "skipped": false
            },
            {
              "title": "MM-T4403_3 should NOT restore window bounds if y is located on outside of viewarea",
              "fullTitle": "window MM-T4403_3 should NOT restore window bounds if y is located on outside of viewarea",
              "timedOut": false,
              "duration": 2590,
              "state": "passed",
              "speed": "slow",
              "pass": true,
              "fail": false,
              "pending": false,
              "context": null,
              "code": "fs.writeFileSync(env.boundsInfoPath,JSON.stringify({x:100,y:200000,width:800,height:400}));this.app=await env.getApp();const mainWindow=await this.app.windows().find(window=>window.url().includes('index'));const browserWindow=await this.app.browserWindow(mainWindow);const bounds=await browserWindow.evaluate(window=>window.getContentBounds());bounds.y.should.satisfy(y=>y<200000);await this.app.close();",
              "err": {},
              "uuid": "cc1e2cc4-d19f-4a90-95e9-4fb3fc2c6cba",
              "parentUUID": "09da7eb0-6cec-4e48-943c-9d91ac226850",
              "isHook": false,
              "skipped": false
            }
          ],
          "suites": [],
          "passes": [
            "bd4c10f1-d25d-4ebf-8972-3377c7064ad4",
            "cc7264af-25db-477e-a8a4-f59c08c75d23",
            "cc1e2cc4-d19f-4a90-95e9-4fb3fc2c6cba"
          ],
          "failures": [],
          "pending": [],
          "skipped": [],
          "duration": 7754,
          "root": false,
          "rootEmpty": false,
          "_timeout": 30000
        }
      ],
      "passes": [],
      "failures": [],
      "pending": [],
      "skipped": [],
      "duration": 0,
      "root": true,
      "rootEmpty": true,
      "_timeout": 2000
    }
  ],
  "meta": {
    "mocha": {
      "version": "10.0.0"
    },
    "mochawesome": {
      "options": {
        "quiet": false,
        "reportFilename": "mochawesome",
        "saveHtml": true,
        "saveJson": true,
        "consoleReporter": "spec",
        "useInlineDiffs": false,
        "code": true
      },
      "version": "7.1.3"
    },
    "marge": {
      "options": null,
      "version": "6.2.0"
    }
  }
}